C51 COMPILER V9.60.0.0   LIGHT                                                             10/21/2021 07:50:13 PAGE 1   


C51 COMPILER V9.60.0.0, COMPILATION OF MODULE LIGHT
OBJECT MODULE PLACED IN .\Objects\light.obj
COMPILER INVOKED BY: C:\Keil_v5\C51\BIN\C51.EXE light.c OPTIMIZE(8,SPEED) BROWSE DEBUG OBJECTEXTEND PRINT(.\Listings\lig
                    -ht.lst) TABS(2) OBJECT(.\Objects\light.obj)

line level    source

   1          #include<reg51.h>  
   2          //sensors on street
   3          sbit sensor1 = P1^0; //to check day or night
   4          sbit sensor2 = P1^1; //for first street light
   5          sbit sensor3 = P1^2; //for second street light
   6          sbit sensor4 = P1^3; //for third street light
   7          //lamps on street
   8          sbit lamp1 = P1^4; //first street light
   9          sbit lamp2 = P1^5; //second street light
  10          sbit lamp3 = P1^6; //third street light
  11          //ldrs to check lamps
  12          sbit ldr1 = P0^0; //to check is street light 1 is working
  13          sbit ldr2 = P0^1; //to check if second street light is working
  14          sbit ldr3 = P0^2; //to check if third street light is working
  15          //lcd interfacing
  16          sfr lcd_data_port=0xA0;   /* P1 port as data port */
  17          sbit rs=P3^0;     /* Register select pin */
  18          sbit rw=P3^1;     /* Read/Write pin */
  19          sbit en=P3^2;     /* Enable pin */
  20          
  21          
  22          void delay(unsigned int count)  /* Function to provide delay Approx 1ms */
  23          {
  24   1        int i,j;
  25   1        for(i=0;i<count;i++)
  26   1        for(j=0;j<112;j++);
  27   1      }
  28          
  29          void LCD_Command (unsigned char cmd)  /* LCD16x2 command funtion */
  30          {
  31   1        lcd_data_port= cmd;
  32   1        rs=0;     /* command reg. */
  33   1        rw=0;     /* Write operation */
  34   1        en=1; 
  35   1        delay(1);
  36   1        en=0;
  37   1        delay(5);
  38   1      }
  39          
  40          void LCD_Char (unsigned char char_data)  /* LCD data write function */
  41          {
  42   1        lcd_data_port=char_data;
  43   1        rs=1;     /* Data reg.*/
  44   1        rw=0;     /* Write operation*/
  45   1        en=1;           
  46   1        delay(1);
  47   1        en=0;
  48   1        delay(5);
  49   1      }
  50          
  51          void LCD_String (unsigned char *str) /* Send string to LCD function */
  52          {
  53   1        int i;
  54   1        for(i=0;str[i]!=0;i++)  /* Send each char of string till the NULL */
C51 COMPILER V9.60.0.0   LIGHT                                                             10/21/2021 07:50:13 PAGE 2   

  55   1        {
  56   2          LCD_Char (str[i]);  /* Call LCD data write */
  57   2        }
  58   1      }
  59          
  60          void LCD_String_xy (char row, char pos, char *str)  /* Send string to LCD function */
  61          {
  62   1        if (row == 0)
  63   1        LCD_Command((pos & 0x0F)|0x80);
  64   1        else if (row == 1)
  65   1        LCD_Command((pos & 0x0F)|0xC0);
  66   1        LCD_String(str);  /* Call LCD string function */
  67   1      }
  68          
  69          void LCD_Init (void)    /* LCD Initialize function */
  70          { 
  71   1        delay(20);    /* LCD Power ON Initialization time >15ms */
  72   1        LCD_Command (0x38); /* Initialization of 16X2 LCD in 8bit mode */
  73   1        LCD_Command (0x0C); /* Display ON Cursor OFF */
  74   1        LCD_Command (0x06); /* Auto Increment cursor */
  75   1        LCD_Command (0x01); /* clear display */
  76   1        LCD_Command (0x80); /* cursor at home position */
  77   1      }
  78          
  79          void main ()
  80          {
  81   1        LCD_Init();
  82   1        lamp1 = lamp2 = lamp3 = 0;
  83   1        sensor1 = sensor2 = sensor3 = sensor4 = 0;//optional logic based on input
  84   1        while(1){
  85   2            if(sensor1 == 0){
  86   3              lamp1 = lamp2 = lamp3 = 0;
  87   3              LCD_Command(0x01);
  88   3              LCD_String("DAY TIME");  
  89   3              LCD_Command(0xC0);
  90   3              LCD_String("ALL LIGHTS OFF");  
  91   3              delay(500);
  92   3            }
  93   2            if(ldr1== 0 && sensor2 == 1 && sensor1==1){
  94   3              LCD_Command(0x01);
  95   3              LCD_String("LAMP1        ");  
  96   3              LCD_Command(0xC0);
  97   3              LCD_String("WORKING       ");
  98   3              lamp1 = 1;
  99   3              lamp2 = 0;
 100   3              lamp3 = 0;
 101   3              delay(500);
 102   3            }
 103   2            if(ldr1!= 0 && sensor2 == 1 && sensor1==1){
 104   3              LCD_Command(0x01);
 105   3              LCD_String("LAMP1    ");  
 106   3              LCD_Command(0xC0);
 107   3              LCD_String("NOT WORKING     ");
 108   3              lamp1 = 1;
 109   3              lamp2 = 0;
 110   3              lamp3 = 0;
 111   3              delay(500);
 112   3            }
 113   2            if(ldr2== 0 && sensor3 == 1 && sensor1==1){
 114   3              LCD_Command(0x01);
 115   3              LCD_String("LAMP2   ");  
 116   3              LCD_Command(0xC0);
C51 COMPILER V9.60.0.0   LIGHT                                                             10/21/2021 07:50:13 PAGE 3   

 117   3              LCD_String("WORKING   ");
 118   3              lamp1 = 0;
 119   3              lamp2 = 1;
 120   3              lamp3 = 0;
 121   3              delay(500);
 122   3            }if(ldr2!= 0 && sensor3 == 1 && sensor1==1){
 123   3              LCD_Command(0x01);
 124   3              LCD_String("LAMP2");  
 125   3              LCD_Command(0xC0);
 126   3              LCD_String("NOT WORKING    ");
 127   3              lamp1 = 0;
 128   3              lamp2 = 1;
 129   3              lamp3 = 0;
 130   3              delay(500);
 131   3            }if(ldr3== 0 && sensor4 == 1 && sensor1==1){
 132   3              LCD_Command(0x01);
 133   3              LCD_String("LAMP3");  
 134   3              LCD_Command(0xC0);
 135   3              LCD_String("WORKING           ");
 136   3              lamp1 = 0;
 137   3              lamp2 = 0;
 138   3              lamp3 = 1;
 139   3              delay(500);
 140   3            }if(ldr3!= 0 && sensor4 == 1 && sensor1==1){
 141   3              LCD_Command(0x01);
 142   3              LCD_String("LAMP3");  
 143   3              LCD_Command(0xC0);
 144   3              LCD_String("NOT WORKING  ");
 145   3              lamp1 = 0;
 146   3              lamp2 = 0;
 147   3              lamp3 = 1;
 148   3              delay(500);
 149   3            }
 150   2            if(sensor4 == 0){
 151   3            lamp3 = 0;}
 152   2            if(sensor3 == 0){
 153   3            lamp2 = 0;}
 154   2            if(sensor2 == 0){
 155   3            lamp1 = 0;}
 156   2            if(sensor1 == 1 && sensor2 == 0 && sensor3 == 0 && sensor4==0){
 157   3              LCD_Command(0x01);
 158   3              LCD_String("NO VEHICLE");  
 159   3              LCD_Command(0xC0);
 160   3              LCD_String("ALL LIGHTS OFF   ");
 161   3              delay(500);
 162   3              lamp1 = lamp2 = lamp3 = 0;
 163   3      }
 164   2          
 165   2      }
 166   1        }


MODULE INFORMATION:   STATIC OVERLAYABLE
   CODE SIZE        =    603    ----
   CONSTANT SIZE    =    190    ----
   XDATA SIZE       =   ----    ----
   PDATA SIZE       =   ----    ----
   DATA SIZE        =   ----      10
   IDATA SIZE       =   ----    ----
   BIT SIZE         =   ----    ----
END OF MODULE INFORMATION.


C51 COMPILATION COMPLETE.  0 WARNING(S),  0 ERROR(S)
